2025-04-25 20:24:00,684 - INFO -  - Login page accessed
2025-04-25 20:24:00,684 - ERROR - Failed to log action for ''. Error: insert_log() got multiple values for argument 'user_email'
2025-04-25 20:24:00,862 - INFO -  - Login page accessed
2025-04-25 20:24:00,862 - ERROR - Failed to log action for ''. Error: insert_log() got multiple values for argument 'user_email'
2025-04-25 20:24:33,166 - INFO -  - Login page accessed
2025-04-25 20:24:33,166 - ERROR - Failed to log action for ''. Error: insert_log() got multiple values for argument 'user_email'
2025-04-25 20:29:02,785 - INFO -  - Login page accessed
2025-04-25 20:29:02,785 - ERROR - Failed to log action for ''. Error: insert_log() got multiple values for argument 'user_email'
2025-04-25 20:29:04,244 - INFO -  - Login page accessed
2025-04-25 20:29:04,244 - ERROR - Failed to log action for ''. Error: insert_log() got multiple values for argument 'user_email'
2025-04-25 20:29:06,069 - INFO -  - Login page accessed
2025-04-25 20:29:06,070 - ERROR - Failed to log action for ''. Error: insert_log() got multiple values for argument 'user_email'
2025-04-25 20:29:06,553 - WARNING -  - Failed login attempt for 'sarampentapraveen@gmail.com'
2025-04-25 20:29:06,553 - ERROR - Failed to log action for ''. Error: insert_log() got multiple values for argument 'user_email'
2025-04-25 20:29:11,385 - INFO -  - Login page accessed
2025-04-25 20:29:11,385 - ERROR - Failed to log action for ''. Error: insert_log() got multiple values for argument 'user_email'
2025-04-25 20:29:11,610 - INFO -  - Login page accessed
2025-04-25 20:29:11,610 - ERROR - Failed to log action for ''. Error: insert_log() got multiple values for argument 'user_email'
2025-04-25 20:29:12,105 - INFO - sarampentapraveen@gmail.com - User 'sarampentapraveen@gmail.com' logged in successfully
2025-04-25 20:29:12,467 - INFO - sarampentapraveen@gmail.com - Navigation selected: 'Welcome'
2025-04-25 20:29:15,550 - INFO - sarampentapraveen@gmail.com - Navigation selected: 'Get Materials'
2025-04-25 20:29:20,902 - INFO - sarampentapraveen@gmail.com - Navigation selected: 'Get Materials'
2025-04-25 20:29:21,151 - INFO - sarampentapraveen@gmail.com - Researching on 'eduflex'
2025-04-25 20:29:22,048 - INFO - sarampentapraveen@gmail.com - Research results found
2025-04-25 20:29:22,280 - INFO - sarampentapraveen@gmail.com - Research Papers List 
2025-04-25 20:29:22,515 - INFO - sarampentapraveen@gmail.com - URL : 'https://ctu.int/wp-content/uploads/2021/12/NorthGate-EduFLEX-CTU-Education-Forum-Jan-2022.pdf'
2025-04-25 20:29:22,762 - INFO - sarampentapraveen@gmail.com - URL : 'https://eduflex.co.in/eduflex_app_privacy_terms.pdf'
2025-04-25 20:29:23,021 - INFO - sarampentapraveen@gmail.com - URL : 'https://www.eduflex.co.in/Eduflex_brochure.pdf'
2025-04-25 20:29:23,272 - INFO - sarampentapraveen@gmail.com - URL : 'https://www.ul.com/sites/default/files/2021-04/Life%20Sciences%20and%20Safety%202017%20Course%20Updates.pdf'
2025-04-25 20:29:23,506 - INFO - sarampentapraveen@gmail.com - URL : 'https://eduflex.com/wp-content/uploads/2022/04/Fact-Sheet-Introduction-to-Project-Management.pdf'
2025-04-25 20:29:23,740 - INFO - sarampentapraveen@gmail.com - URL : 'https://catalog.ku.edu/flex/flex-project-management-ms/flex-project-management-ms.pdf'
2025-04-25 20:29:23,979 - INFO - sarampentapraveen@gmail.com - URL : 'https://transportation.wisc.edu/wp-content/uploads/sites/28/2022/07/Flex-Gated-information.pdf'
2025-04-25 20:29:24,228 - INFO - sarampentapraveen@gmail.com - URL : 'https://www.janatabankpune.com/encyc/2025/1/22/Interest-rate-01062024-for-website_202501221451506958.pdf'
2025-04-25 20:29:24,464 - INFO - sarampentapraveen@gmail.com - URL : 'https://mountainhomefss.com/wp-content/uploads/2024/09/CLEP-DSST-2024.pdf'
2025-04-25 20:29:24,700 - INFO - sarampentapraveen@gmail.com - URL : 'https://freedomability.co.uk/wp-content/uploads/Freedom-Ability-Loose-Education-2021.pdf'
2025-04-25 20:31:52,527 - INFO - sarampentapraveen@gmail.com - Navigation selected: 'PDF Chat'
2025-04-26 00:47:25,304 - INFO -  - Login page accessed
2025-04-26 00:47:25,305 - ERROR - Failed to log action for ''. Error: insert_log() got multiple values for argument 'user_email'
2025-04-26 00:47:27,535 - INFO -  - Login page accessed
2025-04-26 00:47:27,535 - ERROR - Failed to log action for ''. Error: insert_log() got multiple values for argument 'user_email'
2025-04-26 00:47:31,711 - INFO -  - Login page accessed
2025-04-26 00:47:31,711 - ERROR - Failed to log action for ''. Error: insert_log() got multiple values for argument 'user_email'
2025-04-26 00:47:35,075 - INFO -  - Login page accessed
2025-04-26 00:47:35,075 - ERROR - Failed to log action for ''. Error: insert_log() got multiple values for argument 'user_email'
2025-04-26 00:47:35,316 - INFO -  - Login page accessed
2025-04-26 00:47:35,316 - ERROR - Failed to log action for ''. Error: insert_log() got multiple values for argument 'user_email'
2025-04-26 00:47:35,938 - WARNING -  - Failed login attempt for 'spchary21047cs012@gmail.com'
2025-04-26 00:47:35,938 - ERROR - Failed to log action for ''. Error: insert_log() got multiple values for argument 'user_email'
2025-04-26 00:47:41,880 - INFO -  - Login page accessed
2025-04-26 00:47:41,880 - ERROR - Failed to log action for ''. Error: insert_log() got multiple values for argument 'user_email'
2025-04-26 00:47:42,109 - INFO -  - Login page accessed
2025-04-26 00:47:42,109 - ERROR - Failed to log action for ''. Error: insert_log() got multiple values for argument 'user_email'
2025-04-26 00:47:42,782 - WARNING -  - Failed login attempt for 'spchary21047cs012@gmail.com'
2025-04-26 00:47:42,782 - ERROR - Failed to log action for ''. Error: insert_log() got multiple values for argument 'user_email'
2025-04-26 00:47:48,038 - INFO -  - Login page accessed
2025-04-26 00:47:48,038 - ERROR - Failed to log action for ''. Error: insert_log() got multiple values for argument 'user_email'
2025-04-26 00:47:48,262 - INFO -  - Login page accessed
2025-04-26 00:47:48,262 - ERROR - Failed to log action for ''. Error: insert_log() got multiple values for argument 'user_email'
2025-04-26 00:47:48,600 - WARNING -  - Failed login attempt for 'spchary21047cs012@gmail.com '
2025-04-26 00:47:48,600 - ERROR - Failed to log action for ''. Error: insert_log() got multiple values for argument 'user_email'
2025-04-26 00:47:52,161 - INFO -  - Login page accessed
2025-04-26 00:47:52,161 - ERROR - Failed to log action for ''. Error: insert_log() got multiple values for argument 'user_email'
2025-04-26 00:47:52,398 - INFO -  - Login page accessed
2025-04-26 00:47:52,398 - ERROR - Failed to log action for ''. Error: insert_log() got multiple values for argument 'user_email'
2025-04-26 00:47:52,714 - WARNING -  - Failed login attempt for 'spchary21047cs012@gmail.com '
2025-04-26 00:47:52,714 - ERROR - Failed to log action for ''. Error: insert_log() got multiple values for argument 'user_email'
2025-04-26 00:47:57,205 - INFO -  - Login page accessed
2025-04-26 00:47:57,206 - ERROR - Failed to log action for ''. Error: insert_log() got multiple values for argument 'user_email'
2025-04-26 00:47:57,443 - INFO -  - Login page accessed
2025-04-26 00:47:57,443 - ERROR - Failed to log action for ''. Error: insert_log() got multiple values for argument 'user_email'
2025-04-26 00:47:57,760 - WARNING -  - Failed login attempt for 'spchary21047cs012@gmail.com '
2025-04-26 00:47:57,761 - ERROR - Failed to log action for ''. Error: insert_log() got multiple values for argument 'user_email'
2025-04-26 00:48:04,175 - INFO -  - Login page accessed
2025-04-26 00:48:04,176 - ERROR - Failed to log action for ''. Error: insert_log() got multiple values for argument 'user_email'
2025-04-26 00:48:04,395 - INFO -  - Login page accessed
2025-04-26 00:48:04,395 - ERROR - Failed to log action for ''. Error: insert_log() got multiple values for argument 'user_email'
2025-04-26 00:48:05,034 - WARNING -  - Failed login attempt for 'spchary21047cs012@gmail.com'
2025-04-26 00:48:05,034 - ERROR - Failed to log action for ''. Error: insert_log() got multiple values for argument 'user_email'
2025-04-26 00:48:19,697 - INFO -  - Login page accessed
2025-04-26 00:48:19,697 - ERROR - Failed to log action for ''. Error: insert_log() got multiple values for argument 'user_email'
2025-04-26 00:48:23,344 - INFO -  - Login page accessed
2025-04-26 00:48:23,344 - ERROR - Failed to log action for ''. Error: insert_log() got multiple values for argument 'user_email'
2025-04-26 00:48:25,940 - INFO -  - Login page accessed
2025-04-26 00:48:25,940 - ERROR - Failed to log action for ''. Error: insert_log() got multiple values for argument 'user_email'
2025-04-26 00:48:26,204 - INFO -  - Login page accessed
2025-04-26 00:48:26,204 - ERROR - Failed to log action for ''. Error: insert_log() got multiple values for argument 'user_email'
2025-04-26 00:48:26,849 - WARNING -  - Failed login attempt for 'sarampentapraveen@gmail.com'
2025-04-26 00:48:26,849 - ERROR - Failed to log action for ''. Error: insert_log() got multiple values for argument 'user_email'
2025-04-26 00:48:54,621 - INFO -  - Login page accessed
2025-04-26 00:48:54,621 - ERROR - Failed to log action for ''. Error: insert_log() got multiple values for argument 'user_email'
2025-04-26 02:57:02,176 - INFO -  - Login page accessed
2025-04-26 02:57:02,176 - ERROR - Failed to log action for ''. Error: insert_log() got multiple values for argument 'user_email'
2025-04-26 02:57:02,365 - INFO -  - Login page accessed
2025-04-26 02:57:02,365 - ERROR - Failed to log action for ''. Error: insert_log() got multiple values for argument 'user_email'
2025-04-26 02:57:21,294 - INFO -  - Login page accessed
2025-04-26 02:57:21,294 - ERROR - Failed to log action for ''. Error: insert_log() got multiple values for argument 'user_email'
2025-04-26 02:57:28,570 - INFO -  - Login page accessed
2025-04-26 02:57:28,571 - ERROR - Failed to log action for ''. Error: insert_log() got multiple values for argument 'user_email'
2025-04-26 02:57:28,908 - INFO -  - Login page accessed
2025-04-26 02:57:28,908 - ERROR - Failed to log action for ''. Error: insert_log() got multiple values for argument 'user_email'
2025-04-26 02:57:29,261 - WARNING -  - Failed login attempt for 'sarampentapraveen@gmail.com '
2025-04-26 02:57:29,261 - ERROR - Failed to log action for ''. Error: insert_log() got multiple values for argument 'user_email'
2025-04-26 02:57:34,567 - INFO -  - Login page accessed
2025-04-26 02:57:34,567 - ERROR - Failed to log action for ''. Error: insert_log() got multiple values for argument 'user_email'
2025-04-26 02:57:34,875 - INFO -  - Login page accessed
2025-04-26 02:57:34,876 - ERROR - Failed to log action for ''. Error: insert_log() got multiple values for argument 'user_email'
2025-04-26 02:57:35,184 - WARNING -  - Failed login attempt for 'sarampentapraveen@gmail.com '
2025-04-26 02:57:35,185 - ERROR - Failed to log action for ''. Error: insert_log() got multiple values for argument 'user_email'
2025-04-26 02:57:45,985 - INFO -  - Login page accessed
2025-04-26 02:57:45,986 - ERROR - Failed to log action for ''. Error: insert_log() got multiple values for argument 'user_email'
2025-04-26 02:57:53,954 - INFO -  - Login page accessed
2025-04-26 02:57:53,954 - ERROR - Failed to log action for ''. Error: insert_log() got multiple values for argument 'user_email'
2025-04-26 02:57:54,253 - INFO -  - Login page accessed
2025-04-26 02:57:54,253 - ERROR - Failed to log action for ''. Error: insert_log() got multiple values for argument 'user_email'
2025-04-26 02:57:54,876 - WARNING -  - Failed login attempt for 'sarampentapraveen@gmail.com '
2025-04-26 02:57:54,876 - ERROR - Failed to log action for ''. Error: insert_log() got multiple values for argument 'user_email'
2025-04-26 02:58:03,284 - INFO -  - Login page accessed
2025-04-26 02:58:03,284 - ERROR - Failed to log action for ''. Error: insert_log() got multiple values for argument 'user_email'
2025-04-26 02:58:13,236 - INFO -  - Login page accessed
2025-04-26 02:58:13,236 - ERROR - Failed to log action for ''. Error: insert_log() got multiple values for argument 'user_email'
2025-04-26 02:58:13,458 - INFO -  - Login page accessed
2025-04-26 02:58:13,458 - ERROR - Failed to log action for ''. Error: insert_log() got multiple values for argument 'user_email'
2025-04-26 02:58:14,174 - INFO - sarampentapraveen@gmail.com - User 'sarampentapraveen@gmail.com' logged in successfully
2025-04-26 02:58:14,645 - INFO - sarampentapraveen@gmail.com - Navigation selected: 'Welcome'
2025-04-26 02:58:26,424 - INFO - sarampentapraveen@gmail.com - Navigation selected: 'Welcome'
2025-04-26 02:58:33,247 - INFO - sarampentapraveen@gmail.com - Navigation selected: 'Learn'
2025-04-26 02:58:34,455 - INFO - sarampentapraveen@gmail.com - Recommended Videos for ' Beginner full course': 
2025-04-26 02:58:34,798 - INFO - sarampentapraveen@gmail.com - Kubernetes Tutorial for Beginners [FULL COURSE in 4 Hours]
2025-04-26 02:58:36,122 - INFO - sarampentapraveen@gmail.com - Microsoft Excel Tutorial for Beginners - Full Course
2025-04-26 02:58:37,282 - INFO - sarampentapraveen@gmail.com - Python courses for Beginners (FREE)
2025-04-26 02:58:37,666 - INFO - sarampentapraveen@gmail.com - Python Full Course for Beginners
2025-04-26 02:58:38,024 - INFO - sarampentapraveen@gmail.com - Learn Power BI in 7 Hours | Full Beginner to Advanced Course with Dashboard Project (2025)
2025-04-26 02:58:38,292 - INFO - sarampentapraveen@gmail.com - SQL Course for Beginners [Full Course]
2025-04-26 02:59:08,999 - INFO - sarampentapraveen@gmail.com - Navigation selected: 'Learn'
2025-04-26 02:59:10,120 - INFO - sarampentapraveen@gmail.com - Recommended Videos for 'python Beginner full course': 
2025-04-26 02:59:10,437 - INFO - sarampentapraveen@gmail.com - Python Full Course for Beginners
2025-04-26 02:59:10,731 - INFO - sarampentapraveen@gmail.com - Python Full Course for Beginners [2025]
2025-04-26 02:59:11,158 - INFO - sarampentapraveen@gmail.com - Python for Beginners – Full Course [Programming Tutorial]
2025-04-26 02:59:11,409 - INFO - sarampentapraveen@gmail.com - Learn Python - Full Course for Beginners [Tutorial]
2025-04-26 02:59:12,076 - INFO - sarampentapraveen@gmail.com - Python Tutorial for Beginners - Learn Python in 5 Hours [FULL COURSE]
2025-04-26 02:59:12,373 - INFO - sarampentapraveen@gmail.com - Python Full Course - 12 Hours | Python For Beginners - Full Course | Python Tutorial | Edureka
2025-04-26 02:59:12,691 - WARNING - sarampentapraveen@gmail.com - Their is problem in the video Transcription
2025-04-26 02:59:18,797 - INFO - sarampentapraveen@gmail.com - Navigation selected: 'Learn'
2025-04-26 02:59:19,370 - INFO - sarampentapraveen@gmail.com - Selected Video : '3', 'Learn Python - Full Course for Beginners [Tutorial]'
2025-04-26 02:59:45,811 - INFO - Loading faiss with AVX2 support.
2025-04-26 02:59:46,276 - INFO - Successfully loaded faiss with AVX2 support.
2025-04-26 02:59:46,314 - INFO - sarampentapraveen@gmail.com - Transcript processed for selected video! You can now ask questions.
2025-04-26 03:01:05,420 - INFO - sarampentapraveen@gmail.com - Navigation selected: 'Learn'
2025-04-26 03:01:05,624 - INFO - sarampentapraveen@gmail.com - Navigation selected: 'Learn'
2025-04-26 03:01:05,950 - INFO - sarampentapraveen@gmail.com - Selected Video : '3', 'Learn Python - Full Course for Beginners [Tutorial]'
2025-04-26 03:01:06,378 - INFO - sarampentapraveen@gmail.com - Note added
2025-04-26 03:01:06,769 - INFO - sarampentapraveen@gmail.com - Transcript processed for selected video! You can now ask questions.
2025-04-26 03:01:56,344 - INFO - sarampentapraveen@gmail.com - Navigation selected: 'Learn'
2025-04-26 03:01:56,625 - INFO - sarampentapraveen@gmail.com - Selected Video : '3', 'Learn Python - Full Course for Beginners [Tutorial]'
2025-04-26 03:01:56,944 - INFO - sarampentapraveen@gmail.com - Transcript processed for selected video! You can now ask questions.
2025-04-26 03:02:04,027 - INFO - sarampentapraveen@gmail.com - AI Explained about => 'what are the topics covered in the video'
2025-04-26 03:02:25,698 - INFO - sarampentapraveen@gmail.com - Navigation selected: 'Skill Test'
2025-04-26 03:04:02,337 - INFO - sarampentapraveen@gmail.com - Navigation selected: 'Skill Test'
2025-04-26 03:04:03,797 - INFO - sarampentapraveen@gmail.com - Quiz Form Submitted!
2025-04-26 03:04:30,857 - INFO - sarampentapraveen@gmail.com - Navigation selected: 'Skill Test'
2025-04-26 03:04:31,121 - INFO - sarampentapraveen@gmail.com - Quiz Form Submitted!
2025-04-26 03:04:37,343 - INFO - sarampentapraveen@gmail.com - Quiz Details => Programming Language : 'python'  =>  Topic : 'oops'  =>  Level : 'Intermediate'  =>  No. of Questions => '3'  => Correct : '2'  =>  Total Question : 3  =>  
2025-04-26 03:04:56,905 - INFO - sarampentapraveen@gmail.com - Navigation selected: 'Road Map'
2025-04-26 03:05:57,839 - INFO - sarampentapraveen@gmail.com - Navigation selected: 'Road Map'
2025-04-26 03:05:58,216 - INFO - sarampentapraveen@gmail.com - Roadmap Details submitted!...
2025-04-26 03:06:17,377 - INFO - sarampentapraveen@gmail.com - RoadMap Generated For 'java'
2025-04-26 03:07:13,850 - INFO - sarampentapraveen@gmail.com - Navigation selected: 'Get Materials'
2025-04-26 03:07:22,813 - INFO - sarampentapraveen@gmail.com - Navigation selected: 'Get Materials'
2025-04-26 03:07:23,198 - INFO - sarampentapraveen@gmail.com - Researching on 'pothole detection'
2025-04-26 03:07:25,264 - INFO - sarampentapraveen@gmail.com - Research results found
2025-04-26 03:07:25,658 - INFO - sarampentapraveen@gmail.com - Research Papers List 
2025-04-26 03:07:26,065 - INFO - sarampentapraveen@gmail.com - URL : 'http://arxiv.org/pdf/1908.00894'
2025-04-26 03:07:26,381 - INFO - sarampentapraveen@gmail.com - URL : 'https://www.itm-conferences.org/articles/itmconf/pdf/2023/03/itmconf_icdsia2023_01008.pdf'
2025-04-26 03:07:26,666 - INFO - sarampentapraveen@gmail.com - URL : 'https://www.ugpti.org/smartse/research/citations/downloads/Jengo-Potole_Identification_using_HSI-2005.pdf'
2025-04-26 03:07:27,203 - INFO - sarampentapraveen@gmail.com - URL : 'https://research.tudelft.nl/files/177100641/chen-et-al-2024-volumetric-pothole-detection-from-uav-based-imagery-1.pdf'
2025-04-26 03:07:27,819 - INFO - sarampentapraveen@gmail.com - URL : 'https://www-hlb.cs.umd.edu/content/gap-trap-pothole-detection-and-reporting-system-utilizing-mobile-devices'
2025-04-26 03:07:28,084 - INFO - sarampentapraveen@gmail.com - URL : 'https://ieeexplore.ieee.org/iel7/83/9263394/09547682.pdf'
2025-04-26 03:07:28,529 - INFO - sarampentapraveen@gmail.com - URL : 'https://courses.grainger.illinois.edu/ece445/getfile.asp?id=12631'
2025-04-26 03:07:28,932 - INFO - sarampentapraveen@gmail.com - URL : 'https://www.irjmets.com/uploadedfiles/paper//issue_5_may_2023/38264/final/fin_irjmets1683721244.pdf'
2025-04-26 03:07:29,458 - INFO - sarampentapraveen@gmail.com - URL : 'https://rtc-conference.com/2024/wp-content/uploads/POSTER-_STREHLOW_-_ENHANCING-AUTONOMOUS-VEHICLE-SAFETY-WITH-AI-POWERED-POTHOLE-DETECTION_V1_-Ashley-Strehlow.pdf'
2025-04-26 03:07:29,841 - INFO - sarampentapraveen@gmail.com - URL : 'https://papers.ssrn.com/sol3/Delivery.cfm/SSRN_ID5089189_code7207861.pdf?abstractid=5089189&mirid=1'
2025-04-26 03:08:56,322 - INFO - sarampentapraveen@gmail.com - Navigation selected: 'Compiler'
2025-04-26 03:10:45,917 - INFO - sarampentapraveen@gmail.com - Navigation selected: 'Compiler'
2025-04-26 03:10:50,187 - INFO - sarampentapraveen@gmail.com - Navigation selected: 'Compiler'
2025-04-26 03:10:50,467 - INFO - sarampentapraveen@gmail.com - User attempted to run 'python' code.
2025-04-26 03:11:23,680 - INFO - sarampentapraveen@gmail.com - Navigation selected: 'Compiler'
2025-04-26 03:11:38,759 - INFO - sarampentapraveen@gmail.com - Navigation selected: 'Get Materials'
2025-04-26 03:11:42,349 - INFO - sarampentapraveen@gmail.com - Navigation selected: 'Get Materials'
2025-04-26 03:11:46,606 - INFO - sarampentapraveen@gmail.com - Navigation selected: 'Compiler'
2025-04-26 03:11:53,853 - INFO - sarampentapraveen@gmail.com - Navigation selected: 'Compiler'
2025-04-26 03:11:54,141 - INFO - sarampentapraveen@gmail.com - User attempted to run 'python' code.
2025-04-26 03:13:17,917 - INFO - sarampentapraveen@gmail.com - Navigation selected: 'Compiler'
2025-04-26 03:13:22,716 - INFO - sarampentapraveen@gmail.com - Navigation selected: 'Compiler'
2025-04-26 03:13:22,993 - INFO - sarampentapraveen@gmail.com - User attempted to run 'python' code.
2025-04-26 03:13:23,243 - INFO - sarampentapraveen@gmail.com - 'Python' Code 
2025-04-26 03:13:23,552 - INFO - sarampentapraveen@gmail.com - ```# Sum of elements in a list
l1 = [1,2,3,4,5,6,6]
sum = 0
for i in l1:
    sum += i

print("Sum : " , sum)```
2025-04-26 03:13:23,964 - INFO - sarampentapraveen@gmail.com - 

'Python' code executed successfully.
2025-04-26 03:13:42,205 - INFO - sarampentapraveen@gmail.com - Navigation selected: 'Compiler'
2025-04-26 03:13:42,516 - INFO - sarampentapraveen@gmail.com - User requested AI code explanation.
2025-04-26 03:13:55,490 - INFO - sarampentapraveen@gmail.com - AI response generated successfully.
2025-04-26 03:14:18,045 - INFO - sarampentapraveen@gmail.com - Navigation selected: 'PDF Chat'
2025-04-26 03:14:55,771 - INFO - sarampentapraveen@gmail.com - Navigation selected: 'PDF Chat'
2025-04-26 03:14:58,805 - INFO - sarampentapraveen@gmail.com - Navigation selected: 'PDF Chat'
2025-04-26 03:14:59,184 - INFO - sarampentapraveen@gmail.com - PDF Uploaded
2025-04-26 03:15:00,137 - INFO - sarampentapraveen@gmail.com - Navigation selected: 'PDF Chat'
2025-04-26 03:15:00,752 - INFO - sarampentapraveen@gmail.com - PDF Uploaded
2025-04-26 03:15:44,443 - INFO - sarampentapraveen@gmail.com - Navigation selected: 'PDF Chat'
2025-04-26 03:15:44,751 - INFO - sarampentapraveen@gmail.com - Answering PDF query!
2025-04-26 03:16:26,677 - INFO - sarampentapraveen@gmail.com - Navigation selected: 'PDF Chat'
2025-04-26 03:16:27,249 - INFO - sarampentapraveen@gmail.com - Answering PDF query!
2025-04-26 03:16:47,567 - INFO - sarampentapraveen@gmail.com - Navigation selected: 'Welcome'
2025-04-26 03:17:34,185 - INFO - sarampentapraveen@gmail.com - Navigation selected: 'Welcome'
2025-04-26 03:17:34,434 - INFO - sarampentapraveen@gmail.com - Navigation selected: 'Welcome'
2025-04-26 03:17:51,163 - INFO - sarampentapraveen@gmail.com - Navigation selected: 'Welcome'
2025-04-26 03:18:08,546 - INFO - sarampentapraveen@gmail.com - Navigation selected: 'Welcome'
2025-04-26 03:18:57,109 - INFO - sarampentapraveen@gmail.com - Navigation selected: 'Welcome'
2025-04-26 03:19:09,684 - INFO - sarampentapraveen@gmail.com - Navigation selected: 'Welcome'
2025-04-26 03:19:28,185 - INFO - sarampentapraveen@gmail.com - Navigation selected: 'Welcome'
2025-04-26 03:19:36,364 - INFO - sarampentapraveen@gmail.com - Navigation selected: 'Welcome'
2025-04-26 03:19:37,560 - INFO - sarampentapraveen@gmail.com - Certificate generated for 'Praveen'
2025-04-26 03:19:52,152 - INFO - sarampentapraveen@gmail.com - Navigation selected: 'Welcome'
2025-04-26 03:19:53,149 - INFO - sarampentapraveen@gmail.com - Certificate generated for 'Praveen'
2025-04-26 03:27:39,260 - INFO - sarampentapraveen@gmail.com - Navigation selected: 'Learn'
2025-04-26 03:27:53,291 - INFO - sarampentapraveen@gmail.com - Navigation selected: 'Learn'
2025-04-26 03:27:53,669 - WARNING - sarampentapraveen@gmail.com - Their is problem in the video Transcription
2025-04-26 03:27:57,338 - INFO - sarampentapraveen@gmail.com - Navigation selected: 'Learn'
2025-04-26 03:27:57,662 - INFO - sarampentapraveen@gmail.com - Selected Video : '0', 'Python Full Course for Beginners'
2025-04-26 03:28:18,077 - INFO - sarampentapraveen@gmail.com - Transcript processed for selected video! You can now ask questions.
